[debug] [2024-03-02T03:17:34.386Z] ----------------------------------------------------------------------
[debug] [2024-03-02T03:17:34.389Z] Command:       C:\Program Files\nodejs\node.exe C:\Users\Administrator\AppData\Roaming\npm\node_modules\firebase-tools\lib\bin\firebase.js init
[debug] [2024-03-02T03:17:34.389Z] CLI Version:   12.6.0
[debug] [2024-03-02T03:17:34.389Z] Platform:      win32
[debug] [2024-03-02T03:17:34.389Z] Node Version:  v21.1.0
[debug] [2024-03-02T03:17:34.390Z] Time:          Sat Mar 02 2024 09:17:34 GMT+0600 (Bangladesh Standard Time)
[debug] [2024-03-02T03:17:34.390Z] ----------------------------------------------------------------------
[debug] 
[debug] [2024-03-02T03:17:34.393Z] >>> [apiv2][query] GET https://firebase-public.firebaseio.com/cli.json [none]
[debug] [2024-03-02T03:17:34.449Z] > command requires scopes: ["email","openid","https://www.googleapis.com/auth/cloudplatformprojects.readonly","https://www.googleapis.com/auth/firebase","https://www.googleapis.com/auth/cloud-platform"]
[debug] [2024-03-02T03:17:34.449Z] > authorizing via signed-in user (alaminhasanpro@gmail.com)
[info] 
     ######## #### ########  ######## ########     ###     ######  ########
     ##        ##  ##     ## ##       ##     ##  ##   ##  ##       ##
     ######    ##  ########  ######   ########  #########  ######  ######
     ##        ##  ##    ##  ##       ##     ## ##     ##       ## ##
     ##       #### ##     ## ######## ########  ##     ##  ######  ########

You're about to initialize a Firebase project in this directory:

  C:\Projects\JobTasks\InvoiceApp\backend

Before we get started, keep in mind:

  * You are currently outside your home directory

[debug] [2024-03-02T03:17:35.446Z] <<< [apiv2][status] GET https://firebase-public.firebaseio.com/cli.json 200
[debug] [2024-03-02T03:17:35.446Z] <<< [apiv2][body] GET https://firebase-public.firebaseio.com/cli.json {"cloudBuildErrorAfter":1594252800000,"cloudBuildWarnAfter":1590019200000,"defaultNode10After":1594252800000,"minVersion":"3.0.5","node8DeploysDisabledAfter":1613390400000,"node8RuntimeDisabledAfter":1615809600000,"node8WarnAfter":1600128000000}
